{
  "RSpec": {
    "coverage": {
      "/Users/yosef/work/kgs/ruby/ruby_routes/lib/ruby_routes.rb": {
        "lines": [
          1,
          1,
          1,
          1,
          1,
          1,
          1,
          1,
          null,
          1,
          1,
          1,
          1,
          1,
          null,
          null,
          1,
          2,
          null,
          null,
          null,
          1,
          23,
          null,
          null
        ]
      },
      "/Users/yosef/work/kgs/ruby/ruby_routes/lib/ruby_routes/version.rb": {
        "lines": [
          1,
          1,
          null
        ]
      },
      "/Users/yosef/work/kgs/ruby/ruby_routes/lib/ruby_routes/string_extensions.rb": {
        "lines": [
          1,
          1,
          133,
          null,
          4,
          null,
          123,
          null,
          6,
          null,
          null,
          null,
          1,
          130,
          null,
          2,
          null,
          0,
          null,
          null,
          123,
          null,
          5,
          null,
          null,
          null
        ]
      },
      "/Users/yosef/work/kgs/ruby/ruby_routes/lib/ruby_routes/route.rb": {
        "lines": [
          1,
          1,
          1,
          1,
          null,
          1,
          1,
          1,
          null,
          1,
          1367,
          null,
          1367,
          2751,
          1367,
          1367,
          1367,
          1367,
          1367,
          null,
          1367,
          null,
          null,
          1367,
          1367,
          null,
          null,
          1,
          null,
          8,
          6,
          null,
          null,
          1,
          39,
          39,
          null,
          null,
          37,
          null,
          null,
          1,
          1289,
          null,
          null,
          1,
          2,
          null,
          null,
          1,
          2,
          null,
          null,
          1,
          1,
          null,
          null,
          null,
          1,
          50,
          null,
          null,
          48,
          11,
          null,
          null,
          null,
          37,
          null,
          null,
          37,
          37,
          1,
          null,
          null,
          null,
          77,
          36,
          3,
          null,
          null,
          null,
          33,
          33,
          6,
          null,
          null,
          null,
          27,
          27,
          27,
          null,
          null,
          null,
          1,
          0,
          null,
          null,
          1,
          null,
          null,
          1,
          1,
          1,
          1,
          null,
          null,
          1,
          1,
          1,
          1,
          1,
          1,
          1,
          null,
          null,
          1,
          1384,
          857,
          146,
          126,
          125,
          126,
          0,
          1,
          3,
          null,
          null,
          null,
          null,
          1,
          1367,
          1367,
          1367,
          null,
          1367,
          1367,
          1367,
          null,
          null,
          1,
          1367,
          20,
          null,
          1347,
          3683,
          null,
          null,
          null,
          null,
          1,
          5050,
          1367,
          2581,
          1367,
          null,
          null,
          1,
          null,
          1367,
          490,
          null,
          null,
          null,
          1,
          490,
          null,
          1193,
          470,
          null,
          null,
          null,
          1,
          null,
          37,
          null,
          null,
          37,
          null,
          null,
          37,
          0,
          37,
          0,
          0,
          null,
          null,
          null,
          37,
          null,
          null,
          37,
          null,
          24,
          null,
          null,
          1,
          null,
          37,
          37,
          37,
          null,
          0,
          0,
          0,
          null,
          null,
          null,
          1,
          0,
          0,
          null,
          null,
          1,
          4,
          null,
          null,
          null,
          1,
          45,
          45,
          null,
          null,
          45,
          null,
          null,
          149,
          null,
          45,
          null,
          5,
          null,
          null,
          40,
          null,
          null,
          40,
          null,
          null,
          1,
          null,
          45,
          45,
          45,
          45,
          null,
          null,
          1,
          40,
          null,
          40,
          91,
          null,
          47,
          null,
          40,
          null,
          4,
          4,
          null,
          null,
          null,
          40,
          null,
          null,
          null,
          1,
          37,
          null,
          36,
          null,
          null,
          36,
          null,
          null,
          36,
          36,
          null,
          null,
          0,
          null,
          null,
          36,
          null,
          null,
          1,
          36,
          36,
          36,
          null,
          null,
          null,
          1,
          33,
          null,
          null,
          33,
          37,
          37,
          null,
          33,
          null,
          null,
          null,
          1,
          27,
          null,
          null,
          27,
          null,
          27,
          61,
          null,
          31,
          null,
          30,
          30,
          null,
          0,
          0,
          null,
          null,
          null,
          null,
          27,
          27,
          null,
          null,
          1,
          0,
          null,
          0,
          null,
          0,
          null,
          0,
          null,
          null,
          null,
          null,
          1,
          30,
          null,
          null,
          0,
          0,
          null,
          null,
          null,
          1,
          1,
          1,
          null,
          0,
          0,
          null,
          null,
          0,
          0,
          null,
          null,
          0,
          0,
          0,
          null,
          null,
          1,
          1367,
          1367,
          1367,
          1367,
          null,
          null,
          1,
          1367,
          1367,
          1361,
          null,
          null,
          1,
          1364,
          1361,
          null,
          null,
          null,
          1,
          28,
          28,
          null,
          null,
          28,
          null,
          28,
          null,
          null,
          null,
          1,
          1,
          null,
          null,
          0,
          null,
          null,
          null,
          4,
          null,
          null,
          null,
          4,
          4,
          null,
          null,
          1,
          null,
          0,
          null,
          null,
          4,
          4,
          null,
          2,
          2,
          null,
          null,
          2,
          2,
          null,
          2,
          2,
          null,
          2,
          2,
          null,
          2,
          2,
          null,
          null,
          9,
          null,
          null,
          null,
          null,
          1,
          4,
          null,
          3,
          3,
          null,
          3,
          null,
          null,
          null,
          null,
          null,
          null,
          null,
          null,
          null,
          null,
          null,
          null,
          null,
          null,
          null,
          null,
          1,
          null,
          9,
          1,
          null,
          null,
          8,
          1,
          null,
          null,
          7,
          0,
          null,
          null,
          7,
          1,
          null,
          null,
          6,
          1,
          null,
          null,
          5,
          1,
          null,
          null,
          null,
          1,
          1367,
          1364,
          1363,
          null,
          null,
          null,
          1,
          1,
          null,
          null
        ]
      },
      "/Users/yosef/work/kgs/ruby/ruby_routes/lib/ruby_routes/route/small_lru.rb": {
        "lines": [
          1,
          1,
          null,
          1,
          1,
          null,
          null,
          1,
          2761,
          2761,
          2761,
          2761,
          2761,
          null,
          2761,
          2761,
          null,
          null,
          1,
          43,
          43,
          null,
          null,
          1,
          211,
          211,
          211,
          55,
          55,
          null,
          211,
          null,
          null,
          1,
          20,
          null,
          null,
          1,
          39,
          null,
          null,
          null,
          null
        ]
      },
      "/Users/yosef/work/kgs/ruby/ruby_routes/lib/ruby_routes/route_set.rb": {
        "lines": [
          1,
          1,
          1,
          null,
          1,
          120,
          120,
          120,
          null,
          120,
          120,
          120,
          120,
          null,
          null,
          1,
          1287,
          1287,
          1287,
          null,
          1287,
          1287,
          null,
          null,
          1,
          null,
          3,
          3,
          3,
          null,
          null,
          1,
          29,
          29,
          3,
          null,
          null,
          1,
          null,
          30107,
          null,
          null,
          30107,
          null,
          null,
          30107,
          17931,
          17931,
          null,
          null,
          12176,
          null,
          null,
          12176,
          12176,
          12176,
          null,
          12165,
          null,
          null,
          12165,
          null,
          null,
          12165,
          0,
          null,
          null,
          null,
          12165,
          null,
          12165,
          null,
          null,
          null,
          null,
          null,
          12165,
          12165,
          null,
          null,
          1,
          2,
          null,
          null,
          1,
          6,
          6,
          4,
          null,
          2,
          null,
          null,
          null,
          1,
          30,
          null,
          null,
          1,
          3,
          3,
          3,
          3,
          3,
          null,
          null,
          1,
          8,
          null,
          1,
          null,
          1,
          6,
          null,
          null,
          1,
          2,
          2,
          null,
          null,
          1,
          1,
          null,
          null,
          null,
          1,
          9,
          9,
          null,
          9,
          null,
          null,
          null,
          null,
          null,
          null,
          1,
          null,
          null,
          1,
          30150,
          30107,
          null,
          null,
          null,
          1,
          null,
          null,
          32107,
          null,
          null,
          null,
          1,
          null,
          13176,
          13176,
          13176,
          null,
          null,
          1,
          null,
          null,
          null,
          null,
          1,
          2,
          2,
          null,
          null,
          null,
          null,
          1,
          0,
          0,
          0,
          0,
          0,
          0,
          null,
          null,
          null,
          null,
          1,
          12165,
          null,
          null,
          12165,
          null,
          1,
          4097,
          null,
          null,
          null,
          null
        ]
      },
      "/Users/yosef/work/kgs/ruby/ruby_routes/lib/ruby_routes/url_helpers.rb": {
        "lines": [
          1,
          null,
          1,
          1,
          1,
          31,
          null,
          null,
          1,
          1,
          7,
          null,
          null,
          1,
          1,
          0,
          0,
          null,
          null,
          null,
          null,
          1,
          1,
          null,
          null,
          1,
          25,
          24,
          null,
          null,
          1,
          3,
          3,
          null,
          null,
          1,
          6,
          6,
          6,
          6,
          null,
          null,
          1,
          12,
          12,
          12,
          12,
          null,
          null,
          null,
          12,
          null,
          12,
          12,
          12,
          null,
          null,
          12,
          7,
          7,
          null,
          null,
          12,
          12,
          12,
          12,
          null,
          null,
          1,
          2,
          2,
          null,
          null,
          null
        ]
      },
      "/Users/yosef/work/kgs/ruby/ruby_routes/lib/ruby_routes/router.rb": {
        "lines": [
          1,
          1,
          1,
          null,
          1,
          53,
          53,
          53,
          53,
          null,
          null,
          null,
          1,
          662,
          null,
          null,
          1,
          128,
          null,
          null,
          1,
          125,
          null,
          null,
          1,
          125,
          null,
          null,
          1,
          126,
          null,
          null,
          1,
          14,
          null,
          null,
          null,
          1,
          122,
          122,
          122,
          null,
          null,
          122,
          122,
          122,
          null,
          null,
          122,
          122,
          122,
          122,
          122,
          null,
          null,
          122,
          1,
          1,
          1,
          null,
          1,
          1,
          1,
          1,
          1,
          1,
          1,
          1,
          null,
          null,
          null,
          122,
          null,
          43,
          null,
          43,
          43,
          null,
          null,
          null,
          1,
          1,
          null,
          1,
          1,
          1,
          1,
          1,
          1,
          1,
          null,
          null,
          null,
          1,
          38,
          null,
          38,
          38,
          null,
          null,
          38,
          null,
          null,
          null,
          1,
          17,
          null,
          17,
          17,
          null,
          null,
          17,
          null,
          null,
          null,
          1,
          18,
          null,
          null,
          null,
          1,
          17,
          18,
          18,
          null,
          16,
          null,
          null,
          15,
          0,
          null,
          null,
          null,
          1,
          16,
          null,
          null,
          null,
          1,
          1,
          null,
          1,
          1,
          null,
          null,
          1,
          null,
          null,
          null,
          1,
          1,
          null,
          1,
          1,
          null,
          null,
          1,
          null,
          null,
          null,
          1,
          2,
          2,
          null,
          null,
          1,
          null,
          1,
          null,
          1200,
          null,
          null,
          1200,
          1200,
          1200,
          null,
          null,
          1,
          1200,
          1200,
          null,
          1200,
          864,
          847,
          null,
          null,
          864,
          396,
          396,
          null,
          null,
          864,
          15,
          null,
          null,
          864,
          1,
          null,
          null,
          null,
          1200,
          1200,
          null,
          null,
          null
        ]
      },
      "/Users/yosef/work/kgs/ruby/ruby_routes/lib/ruby_routes/radix_tree.rb": {
        "lines": [
          1,
          null,
          1,
          1,
          1,
          null,
          1,
          320,
          166,
          null,
          154,
          null,
          null,
          null,
          null,
          1,
          154,
          154,
          154,
          154,
          154,
          null,
          null,
          1,
          1318,
          1318,
          null,
          1318,
          3590,
          3590,
          3590,
          null,
          null,
          null,
          2651,
          null,
          null,
          1,
          null,
          15223,
          9,
          9,
          7,
          null,
          2,
          null,
          null,
          null,
          15214,
          15214,
          15214,
          15214,
          null,
          null,
          15214,
          null,
          42,
          42,
          null,
          15144,
          15144,
          15144,
          15144,
          15144,
          15144,
          null,
          null,
          18,
          18,
          18,
          18,
          18,
          18,
          18,
          18,
          14,
          14,
          null,
          null,
          null,
          null,
          10,
          44,
          44,
          44,
          44,
          null,
          null,
          null,
          15214,
          15209,
          15209,
          null,
          null,
          15200,
          1020,
          null,
          null,
          15195,
          null,
          null,
          1,
          null,
          null,
          1,
          15214,
          null,
          15214,
          16,
          null,
          null,
          15198,
          null,
          null,
          15198,
          15198,
          15198,
          8904,
          8904,
          null,
          null,
          15198,
          null,
          null,
          null,
          1,
          16516,
          null,
          null,
          16495,
          16495,
          null,
          16495,
          1,
          null,
          16494,
          null,
          null,
          null,
          null,
          1,
          1020,
          null,
          1021,
          1021,
          1021,
          null,
          1021,
          null,
          10,
          null,
          1,
          null,
          null,
          3,
          null,
          null,
          2,
          null,
          null,
          null,
          1003,
          null,
          null,
          1015,
          null,
          null,
          null
        ]
      },
      "/Users/yosef/work/kgs/ruby/ruby_routes/lib/ruby_routes/segment.rb": {
        "lines": [
          1,
          1,
          1,
          1,
          1,
          null,
          1,
          1,
          1,
          3593,
          3593,
          3593,
          3593,
          null,
          null,
          1,
          1,
          null,
          null,
          null
        ]
      },
      "/Users/yosef/work/kgs/ruby/ruby_routes/lib/ruby_routes/segments/base_segment.rb": {
        "lines": [
          1,
          1,
          1,
          1,
          3,
          null,
          null,
          1,
          3587,
          null,
          null,
          1,
          1,
          null,
          null,
          1,
          1,
          null,
          null,
          null,
          null
        ]
      },
      "/Users/yosef/work/kgs/ruby/ruby_routes/lib/ruby_routes/segments/dynamic_segment.rb": {
        "lines": [
          1,
          1,
          1,
          1,
          1174,
          null,
          null,
          1,
          1171,
          1171,
          1171,
          1171,
          null,
          null,
          1,
          0,
          0,
          0,
          0,
          null,
          null,
          null,
          null
        ]
      },
      "/Users/yosef/work/kgs/ruby/ruby_routes/lib/ruby_routes/segments/static_segment.rb": {
        "lines": [
          1,
          1,
          1,
          1,
          2417,
          null,
          null,
          1,
          2415,
          2415,
          null,
          null,
          1,
          0,
          null,
          null,
          null,
          null
        ]
      },
      "/Users/yosef/work/kgs/ruby/ruby_routes/lib/ruby_routes/segments/wildcard_segment.rb": {
        "lines": [
          1,
          1,
          1,
          1,
          10,
          null,
          null,
          1,
          7,
          7,
          7,
          7,
          null,
          null,
          1,
          7,
          null,
          null,
          1,
          0,
          0,
          0,
          0,
          null,
          null,
          null,
          null
        ]
      },
      "/Users/yosef/work/kgs/ruby/ruby_routes/lib/ruby_routes/constant.rb": {
        "lines": [
          1,
          1,
          1,
          1,
          1,
          null,
          1,
          1,
          null,
          1,
          null,
          null,
          null,
          null,
          null,
          1,
          0,
          0,
          null,
          null,
          null,
          0,
          0,
          0,
          0,
          null,
          null,
          null,
          0,
          0,
          0,
          0,
          null,
          null,
          null,
          0,
          null,
          null,
          null,
          1,
          1,
          null,
          null,
          null,
          10,
          1205,
          2469,
          null,
          null,
          1,
          3683,
          3683,
          3683,
          3683,
          null,
          null,
          null
        ]
      },
      "/Users/yosef/work/kgs/ruby/ruby_routes/lib/ruby_routes/lru_strategies/hit_strategy.rb": {
        "lines": [
          1,
          1,
          1,
          1,
          19,
          19,
          19,
          19,
          19,
          null,
          null,
          null,
          null
        ]
      },
      "/Users/yosef/work/kgs/ruby/ruby_routes/lib/ruby_routes/lru_strategies/miss_strategy.rb": {
        "lines": [
          1,
          1,
          1,
          1,
          38,
          38,
          null,
          null,
          null,
          null
        ]
      },
      "/Users/yosef/work/kgs/ruby/ruby_routes/lib/ruby_routes/node.rb": {
        "lines": [
          1,
          null,
          1,
          1,
          1,
          null,
          null,
          1,
          1137,
          1137,
          1137,
          1137,
          1137,
          1137,
          null,
          null,
          null,
          null,
          1,
          null,
          30432,
          30432,
          null,
          null,
          15181,
          15167,
          15167,
          null,
          null,
          null,
          14,
          7,
          null,
          7,
          7,
          null,
          7,
          null,
          null,
          null,
          7,
          null,
          null,
          null,
          1,
          15179,
          null,
          null,
          1,
          1186,
          1186,
          null,
          null,
          null,
          1,
          1350,
          1350,
          1350,
          null,
          null,
          1,
          15241,
          null,
          null,
          null
        ]
      }
    },
    "timestamp": 1755686025
  }
}
